{
  "stats": {
    "suites": 1,
    "tests": 1,
    "passes": 0,
    "pending": 0,
    "failures": 1,
    "start": "2022-12-22T13:50:59.877Z",
    "end": "2022-12-22T13:51:11.034Z",
    "duration": 11157,
    "testsRegistered": 1,
    "passPercent": 0,
    "pendingPercent": 0,
    "other": 0,
    "hasOther": false,
    "skipped": 0,
    "hasSkipped": false
  },
  "results": [
    {
      "uuid": "e295b164-cdf0-49b7-b245-f43e3e944b3a",
      "title": "",
      "fullFile": "cypress\\e2e\\tracedomain.cy.js",
      "file": "cypress\\e2e\\tracedomain.cy.js",
      "beforeHooks": [],
      "afterHooks": [],
      "tests": [],
      "suites": [
        {
          "uuid": "43ec605d-2220-4c92-b99a-784b65c3db2d",
          "title": "Searching for google.com should provide the location Hostpoint AG as the first search result.",
          "fullFile": "",
          "file": "",
          "beforeHooks": [],
          "afterHooks": [],
          "tests": [
            {
              "title": "passes",
              "fullTitle": "Searching for google.com should provide the location Hostpoint AG as the first search result. passes",
              "timedOut": null,
              "duration": 7523,
              "state": "failed",
              "speed": null,
              "pass": false,
              "fail": true,
              "pending": false,
              "context": null,
              "code": "cy.visit('https://whattheweb.ch/');\ncy.get('#header-form input[placeholder=\"example-domain.com\"]').type(\"google.com\");\ncy.get('#header-form > button').click();\ncy.wait(10000);\ncy.get('.locations').contains('Hostpoint AG');",
              "err": {
                "message": "TypeError: The following error originated from your application code, not from Cypress. It was caused by an unhandled promise rejection.\n\n  > Cannot read properties of undefined (reading 'setData')\n\nWhen Cypress detects uncaught errors originating from your application it will automatically fail the current test.\n\nThis behavior is configurable, and you can choose to turn this off by listening to the `uncaught:exception` event.\n\nhttps://on.cypress.io/uncaught-exception-from-application",
                "estack": "TypeError: The following error originated from your application code, not from Cypress. It was caused by an unhandled promise rejection.\n\n  > Cannot read properties of undefined (reading 'setData')\n\nWhen Cypress detects uncaught errors originating from your application it will automatically fail the current test.\n\nThis behavior is configurable, and you can choose to turn this off by listening to the `uncaught:exception` event.\n\nhttps://on.cypress.io/uncaught-exception-from-application\n    at nz (https://whattheweb.ch/assets/index.cba6ed6c.js:1211:40859)\n    at dz (https://whattheweb.ch/assets/index.cba6ed6c.js:1211:43858)\n    at uz (https://whattheweb.ch/assets/index.cba6ed6c.js:1211:41828)\n    at HTMLFormElement.<anonymous> (https://whattheweb.ch/assets/index.cba6ed6c.js:1211:45806)",
                "diff": null
              },
              "uuid": "9050f13a-0978-439e-8ad0-f808c5793edf",
              "parentUUID": "43ec605d-2220-4c92-b99a-784b65c3db2d",
              "isHook": false,
              "skipped": false
            }
          ],
          "suites": [],
          "passes": [],
          "failures": [
            "9050f13a-0978-439e-8ad0-f808c5793edf"
          ],
          "pending": [],
          "skipped": [],
          "duration": 7523,
          "root": false,
          "rootEmpty": false,
          "_timeout": 2000
        }
      ],
      "passes": [],
      "failures": [],
      "pending": [],
      "skipped": [],
      "duration": 0,
      "root": true,
      "rootEmpty": true,
      "_timeout": 2000
    }
  ],
  "meta": {
    "mocha": {
      "version": "7.0.1"
    },
    "mochawesome": {
      "options": {
        "quiet": false,
        "reportFilename": "mochawesome",
        "saveHtml": true,
        "saveJson": true,
        "consoleReporter": "spec",
        "useInlineDiffs": false,
        "code": true
      },
      "version": "7.1.3"
    },
    "marge": {
      "options": null,
      "version": "6.2.0"
    }
  }
}